PHPUnit 3.7.31 by Sebastian Bergmann.

Configuration read from /home/mladoux/Projects/Carbon/phpunit.xml.dist

...............................................................  63 / 503 ( 12%)
............................................................... 126 / 503 ( 25%)
............................................................... 189 / 503 ( 37%)
...........................[41;37mF[0m.................[41;37mF[0m................. 252 / 503 ( 50%)
..[41;37mF[0m.....................[41;37mF[0m..[41;37mF[0m[41;37mF[0m..............[41;37mF[0m[41;37mF[0m[41;37mF[0m................. 315 / 503 ( 62%)
............................................................... 378 / 503 ( 75%)
............................................................... 441 / 503 ( 87%)
............[41;37mF[0m.................................................

Time: 5.95 seconds, Memory: 11.25Mb

There were 10 failures:

1) DiffTest::testDiffForHumansNowAndNearlyYear
Failed asserting that two strings are identical.
--- Expected
+++ Actual
@@ @@
-11 months ago
+1 year ago

/home/mladoux/Projects/Carbon/tests/DiffTest.php:283

2) DiffTest::testDiffForHumansNowAndFutureMonth
Failed asserting that two strings are identical.
--- Expected
+++ Actual
@@ @@
-1 month from now
+3 weeks from now

/home/mladoux/Projects/Carbon/tests/DiffTest.php:374

3) DiffTest::testDiffForHumansOtherAndMonth
Failed asserting that two strings are identical.
--- Expected
+++ Actual
@@ @@
-1 month before
+3 weeks before

/home/mladoux/Projects/Carbon/tests/DiffTest.php:477

4) DiffTest::testDiffForHumansOtherAndNearlyFutureYear
Failed asserting that two strings are identical.
--- Expected
+++ Actual
@@ @@
-11 months after
+1 year after

/home/mladoux/Projects/Carbon/tests/DiffTest.php:592

5) DiffTest::testElapsedForHumansNowAndSecond
Failed asserting that two strings are identical.
--- Expected
+++ Actual
@@ @@
-1 second
+0 seconds

/home/mladoux/Projects/Carbon/tests/DiffTest.php:608

6) DiffTest::testElapsedForHumansNowAndSecondWithTimezone
Failed asserting that two strings are identical.
--- Expected
+++ Actual
@@ @@
-1 second
+0 seconds

/home/mladoux/Projects/Carbon/tests/DiffTest.php:613

7) DiffTest::testElapsedForHumansNowAndYear
Failed asserting that two strings are identical.
--- Expected
+++ Actual
@@ @@
-1 year
+1 year, , 1 day

/home/mladoux/Projects/Carbon/tests/DiffTest.php:688

8) DiffTest::testElapsedForHumansNowAndYears
Failed asserting that two strings are identical.
--- Expected
+++ Actual
@@ @@
-2 years
+2 years, , 3 days

/home/mladoux/Projects/Carbon/tests/DiffTest.php:693

9) DiffTest::testElapsedForHumansNowAndMultiple
Failed asserting that two strings are identical.
--- Expected
+++ Actual
@@ @@
-1 year, 2 weeks, 5 days, 4 hours, 23 minutes, 10 seconds
+1 year, , 2 weeks, 6 days, 4 hours, 23 minutes, 10 seconds

/home/mladoux/Projects/Carbon/tests/DiffTest.php:698

10) StringsTest::testToCOOKIEString
Failed asserting that two strings are identical.
--- Expected
+++ Actual
@@ @@
-Thursday, 25-Dec-75 14:15:16 EST
+Thursday, 25-Dec-1975 14:15:16 EST

/home/mladoux/Projects/Carbon/tests/StringsTest.php:96

[37;41m[2KFAILURES!
[0m[37;41m[2KTests: 503, Assertions: 1088, Failures: 10.
[0m[2K

[47;40mCode Coverage Report 
  2014-02-10 12:14:42

 Summary: 
[0m[37;41m[2K  Classes: 0.00% (0/1)
[2K[30;42m[2K  Methods: 98.53% (134/136)
[2K[30;42m[2K  Lines:   98.54% (404/410)
[0m[2K
\Carbon::Carbon
  [30;42mMethods:  99.26% (135/136)[0m   [30;42mLines:  98.54% (404/410)[0m
